<?xml version="1.0" encoding="UTF-8"?>
<!-- Generated by org.testng.reporters.JUnitReportReporter -->
<testsuite hostname="dt7c7" failures="0" tests="1" name="com.stc7c7.testcases.LoginTest" time="4.802" errors="0" timestamp="2022-11-27T19:27:47 AST" skipped="0">
  <testcase classname="com.stc7c7.testcases.LoginTest" name="validateLogin" time="4.802"/>
  <system-out/>
</testsuite> <!-- com.stc7c7.testcases.LoginTest -->
