<?xml version="1.0" encoding="UTF-8"?>
<!-- Generated by org.testng.reporters.JUnitReportReporter -->
<testsuite hostname="dt7c7" failures="0" tests="1" name="com.stc7c7.testcases.TestCaseNoFramework" time="8.892" errors="0" timestamp="2022-11-15T20:22:27 AST" skipped="0">
  <testcase classname="com.stc7c7.testcases.TestCaseNoFramework" name="launchBrowser" time="8.892"/>
  <system-out/>
</testsuite> <!-- com.stc7c7.testcases.TestCaseNoFramework -->
