<?xml version="1.0" encoding="UTF-8"?>
<!-- Generated by org.testng.reporters.JUnitReportReporter -->
<testsuite hostname="dt7c7" failures="0" tests="1" name="com.stc7c7.testcases.LoginTest" time="4.521" errors="0" timestamp="2022-11-23T10:58:55 AST" skipped="0">
  <testcase classname="com.stc7c7.testcases.LoginTest" name="validateLogin" time="4.521"/>
  <system-out/>
</testsuite> <!-- com.stc7c7.testcases.LoginTest -->
